<?xml version="1.0" encoding="UTF-8"?>
<!-- Generated by org.testng.reporters.JUnitXMLReporter -->
<testsuite ignored="0" hostname="auanwu-ols" failures="0" tests="8" name="Default test" time="12.738" errors="0" timestamp="04 Aug 2023 08:21:43 GMT">
  <testcase classname="apiTests.PetTests" name="postPetPositive" time="2.189"/>
  <testcase classname="apiTests.PetTests" name="postPetNegative" time="1.273"/>
  <testcase classname="apiTests.PetTests" name="getPetByIdPositive" time="0.967"/>
  <testcase classname="apiTests.PetTests" name="getPetByIdNegative" time="0.959"/>
  <testcase classname="apiTests.PetTests" name="updatePetPositive" time="0.962"/>
  <testcase classname="apiTests.PetTests" name="updatePetNegative" time="0.957"/>
  <testcase classname="apiTests.PetTests" name="deletePetNegative" time="2.372"/>
  <testcase classname="apiTests.PetTests" name="deletePetPositive" time="3.032"/>
</testsuite> <!-- Default test -->
